<?xml version="1.0" encoding="UTF-8"?>
<testng-results skipped="0" failed="0" total="1" passed="1">
  <reporter-output>
  </reporter-output>
  <suite name="Default suite" duration-ms="23158" started-at="2015-11-08T05:06:32Z" finished-at="2015-11-08T05:06:55Z">
    <groups>
    </groups>
    <test name="Default test" duration-ms="23158" started-at="2015-11-08T05:06:32Z" finished-at="2015-11-08T05:06:55Z">
      <class name="day30.POMTestCase">
        <test-method status="PASS" signature="pomTest()[pri:0, instance:day30.POMTestCase@4a8c1400]" name="pomTest" duration-ms="23095" started-at="2015-11-07T21:06:32Z" finished-at="2015-11-07T21:06:55Z">
          <reporter-output>
          </reporter-output>
        </test-method> <!-- pomTest -->
      </class> <!-- day30.POMTestCase -->
    </test> <!-- Default test -->
  </suite> <!-- Default suite -->
</testng-results>
