<?xml version="1.0" encoding="UTF-8"?>
<!-- Generated by org.testng.reporters.JUnitXMLReporter -->
<testsuite hostname="sys" name="Chrome" tests="4" failures="0" timestamp="21 Nov 2015 12:53:34 GMT" time="124.92" errors="0">
  <testcase name="loginTest" time="23.151" classname="com.orangehrm.testsuite.Login"/>
  <testcase name="addEmployeeTest" time="91.648" classname="com.orangehrm.testsuite.AddEmployee"/>
  <testcase name="screenshotTest" time="0.146" classname="com.orangehrm.testsuite.TakingScreenshots">
    <skipped/>
  </testcase> <!-- screenshotTest -->
  <testcase name="logoutTest" time="9.907" classname="com.orangehrm.testsuite.Logout"/>
</testsuite> <!-- Chrome -->
